-------------------------------------------------------------------------------
Test set: com.example.hw3.Hw3ApplicationTests
-------------------------------------------------------------------------------
Tests run: 1, Failures: 0, Errors: 1, Skipped: 0, Time elapsed: 1.335 s <<< FAILURE! - in com.example.hw3.Hw3ApplicationTests
com.example.hw3.Hw3ApplicationTests  Time elapsed: 1.334 s  <<< ERROR!
java.lang.IllegalStateException: Unable to find a @SpringBootConfiguration, you need to use @ContextConfiguration or @SpringBootTest(classes=...) with your test

